Arguments: 
  D:\nodejs\node.exe C:\Users\vitic\.node\corepack\yarn\1.22.15\bin\yarn.js init -3

PATH: 
  C:\Program Files\PowerShell\7;C:\Users\vitic\.windows-build-tools\python27\;C:\Users\vitic\.windows-build-tools\python27\Scripts;C:\Program Files\Eclipse Adoptium\jre-8.0.332.9-hotspot\bin;C:\Program Files\Eclipse Adoptium\jdk-17.0.3.7-hotspot\bin;C:\Program Files\Common Files\Oracle\Java\javapath;C:\Program Files (x86)\VMware\VMware Workstation\bin\;C:\Program Files (x86)\Common Files\Oracle\Java\javapath;C:\Python310\Scripts\;C:\Python310\;C:\Program Files\Microsoft\jdk-11.0.12.7-hotspot\bin;C:\Windows\system32;C:\Windows;C:\Windows\System32\Wbem;C:\Windows\System32\WindowsPowerShell\v1.0\;C:\Windows\System32\OpenSSH\;C:\Program Files (x86)\NVIDIA Corporation\PhysX\Common;C:\Program Files\NVIDIA Corporation\NVIDIA NvDLISR;C:\ProgramData\chocolatey\bin;C:\Program Files\Microsoft SQL Server\150\Tools\Binn\;C:\Program Files\Microsoft SQL Server\Client SDK\ODBC\170\Tools\Binn\;C:\Program Files\dotnet\;C:\Program Files (x86)\Microsoft SQL Server\150\DTS\Binn\;C:\Program Files\Azure Data Studio\bin;C:\Program Files (x86)\Microsoft SQL Server\150\Tools\Binn\;C:\Program Files\Microsoft SQL Server\150\DTS\Binn\;C:\Program Files\Git\cmd;C:\Program Files\WireGuard\;C:\Program Files\PuTTY\;C:\Program Files\Microsoft SQL Server\130\Tools\Binn\;C:\Program Files\Multipass\bin;C:\Program Files\Graphviz\bin;C:\Program Files\Microsoft SQL Server\120\Tools\Binn\;C:\Program Files\CMake\bin;D:\nodejs\;C:\Program Files\Go\bin;C:\Program Files\PowerShell\7\;C:\Program Files\Docker\Docker\resources\bin;C:\ProgramData\DockerDesktop\version-bin;C:\Program Files (x86)\Tailscale IPN;C:\laragon\bin;C:\laragon\bin\apache\httpd-2.4.47-win64-VS16\bin;C:\laragon\bin\composer;C:\laragon\bin\git\bin;C:\laragon\bin\git\cmd;C:\laragon\bin\git\mingw64\bin;C:\laragon\bin\git\usr\bin;C:\laragon\bin\laragon\utils;C:\laragon\bin\mysql\mysql-5.7.33-winx64\bin;C:\laragon\bin\nginx\nginx-1.19.10;C:\laragon\bin\ngrok;C:\laragon\bin\nodejs\node-v14;C:\laragon\bin\notepad++;C:\laragon\bin\php\php-7.4.19-Win32-vc15-x64;C:\laragon\bin\redis\redis-x64-3.2.100;C:\laragon\bin\telnet;C:\laragon\usr\bin;C:\Users\vitic\AppData\Local\Yarn\config\global\node_modules\.bin;C:\Users\vitic\AppData\Roaming\Composer\vendor\bin;C:\Users\vitic\AppData\Roaming\npm;C:\Users\vitic\.cargo\bin;C:\Users\vitic\.dotnet\tools;C:\Users\vitic\scoop\shims;C:\Users\vitic\AppData\Local\Programs\Microsoft VS Code\bin;C:\Users\vitic\AppData\Local\Microsoft\WindowsApps;C:\Program Files (x86)\GitHub CLI;C:\Users\vitic\AppData\Local\Programs\oh-my-posh\bin;C:\Users\vitic\AppData\Local\Programs\oh-my-posh\themes;C:\Program Files\Tesseract-OCR;C:\Users\vitic\AppData\Local\Programs\Azure Data Studio\bin;C:\Users\vitic\AppData\Local\Yarn\bin;c:\Users\vitic\AppData\Roaming\Code\User\globalStorage\ms-vscode-remote.remote-containers\cli-bin;C:\Users\vitic\AppData\Local\gitkraken\bin;C:\Program Files\Microsoft SQL Server\160\DAC\bin;C:\Users\vitic\.dotnet\tools

Yarn version: 
  1.22.15

Node version: 
  16.15.0

Platform: 
  win32 x64

Trace: 
  Error: canceled
      at Interface.<anonymous> (C:\Users\vitic\.node\corepack\yarn\1.22.15\lib\cli.js:137145:13)
      at Interface.emit (node:events:527:28)
      at Interface._ttyWrite (node:readline:1081:16)
      at ReadStream.onkeypress (node:readline:288:10)
      at ReadStream.emit (node:events:527:28)
      at emitKeys (node:internal/readline/utils:358:14)
      at emitKeys.next (<anonymous>)
      at ReadStream.onData (node:internal/readline/emitKeypressEvents:61:36)
      at ReadStream.emit (node:events:527:28)
      at addChunk (node:internal/streams/readable:315:12)

npm manifest: 
  No manifest

yarn manifest: 
  No manifest

Lockfile: 
  No lockfile
